<?xml version="1.0" encoding="UTF-8"?>
<!-- Generated by org.testng.reporters.JUnitReportReporter -->
<testsuite hostname="LAPTOP-8UAK4O0H" failures="0" tests="5" name="test.TestFile" time="148.663" errors="0" timestamp="12 May 2022 14:25:43 GMT" skipped="0">
  <testcase classname="test.TestFile" name="publicPortal" time="26.026"/>
  <testcase classname="test.TestFile" name="tabsVerification" time="49.776"/>
  <testcase classname="test.TestFile" name="advanceSea" time="33.438"/>
  <testcase classname="test.TestFile" name="generalWeb" time="20.013"/>
  <testcase classname="test.TestFile" name="twitterpage" time="19.410"/>
</testsuite> <!-- test.TestFile -->
